<?xml version="1.0" encoding="UTF-8"?>
<!-- Generated by org.testng.reporters.JUnitReportReporter -->
<testsuite name="org.testJenkins.TestJenkins" tests="1" time="0.001" ignored="0" failures="0" timestamp="09 3 2018 07:26:31 GMT" skipped="1" hostname="douhao-PC" errors="0">
  <testcase name="testJ" time="0.001" classname="org.testJenkins.TestJenkins">
    <skipped/>
  </testcase> <!-- testJ -->
</testsuite> <!-- org.testJenkins.TestJenkins -->
