<?xml version="1.0" encoding="UTF-8"?>
<!-- Generated by org.testng.reporters.JUnitReportReporter -->
<testsuite name="org.testJenkins.TestSpring" tests="2" time="0.024" ignored="0" failures="0" timestamp="09 3 2018 07:26:31 GMT" skipped="2" hostname="douhao-PC" errors="0">
  <testcase name="testContent" time="0.001" classname="org.testJenkins.TestSpring">
    <skipped/>
  </testcase> <!-- testContent -->
  <testcase name="test2" time="0.023" classname="org.testJenkins.TestSpring">
    <skipped/>
  </testcase> <!-- test2 -->
</testsuite> <!-- org.testJenkins.TestSpring -->
