<?xml version="1.0" encoding="UTF-8"?>
<!-- Generated by org.testng.reporters.JUnitReportReporter -->
<testsuite name="NewTest" tests="1" time="0.006" ignored="0" failures="0" timestamp="09 3 2018 07:26:31 GMT" skipped="1" hostname="douhao-PC" errors="0">
  <testcase name="f" time="0.006" classname="NewTest">
    <skipped/>
  </testcase> <!-- f -->
</testsuite> <!-- NewTest -->
