<?xml version="1.0" encoding="UTF-8"?>
<!-- Generated by org.testng.reporters.JUnitReportReporter -->
<testsuite name="org.testJenkins.TestSpringmvc" tests="2" time="0.001" ignored="0" failures="0" timestamp="12 3 2018 03:48:07 GMT" skipped="1" hostname="douhao-PC" errors="1">
  <testcase name="testBefore" time="0.000" classname="org.testJenkins.TestSpringmvc">
    <error type="org.openqa.selenium.remote.UnreachableBrowserException" message="Could not start a new session. Possible causes are invalid address of the remote server or browser start-up failure.
Build info: version: &#039;3.6.0&#039;, revision: &#039;6fbf3ec767&#039;, time: &#039;2017-09-27T15:28:36.4Z&#039;
System info: host: &#039;DOUHAO-PC&#039;, ip: &#039;192.168.40.73&#039;, os.name: &#039;Windows 7&#039;, os.arch: &#039;amd64&#039;, os.version: &#039;6.1&#039;, java.version: &#039;1.8.0_144&#039;
Driver info: driver.version: RemoteWebDriver">
      <![CDATA[org.openqa.selenium.remote.UnreachableBrowserException: Could not start a new session. Possible causes are invalid address of the remote server or browser start-up failure.
Build info: version: '3.6.0', revision: '6fbf3ec767', time: '2017-09-27T15:28:36.4Z'
System info: host: 'DOUHAO-PC', ip: '192.168.40.73', os.name: 'Windows 7', os.arch: 'amd64', os.version: '6.1', java.version: '1.8.0_144'
Driver info: driver.version: RemoteWebDriver
	at org.openqa.selenium.remote.RemoteWebDriver.execute(RemoteWebDriver.java:607)
	at org.openqa.selenium.remote.RemoteWebDriver.startSession(RemoteWebDriver.java:217)
	at org.openqa.selenium.remote.RemoteWebDriver.<init>(RemoteWebDriver.java:140)
	at org.openqa.selenium.remote.RemoteWebDriver.<init>(RemoteWebDriver.java:153)
	at org.testJenkins.TestSpringmvc.testBefore(TestSpringmvc.java:47)
	at sun.reflect.NativeMethodAccessorImpl.invoke0(Native Method)
	at sun.reflect.NativeMethodAccessorImpl.invoke(NativeMethodAccessorImpl.java:62)
	at sun.reflect.DelegatingMethodAccessorImpl.invoke(DelegatingMethodAccessorImpl.java:43)
	at java.lang.reflect.Method.invoke(Method.java:498)
	at org.testng.internal.MethodInvocationHelper.invokeMethod(MethodInvocationHelper.java:104)
	at org.testng.internal.Invoker.invokeConfigurationMethod(Invoker.java:515)
	at org.testng.internal.Invoker.invokeConfigurations(Invoker.java:217)
	at org.testng.internal.Invoker.invokeConfigurations(Invoker.java:144)
	at org.testng.TestRunner.beforeRun(TestRunner.java:634)
	at org.testng.TestRunner.run(TestRunner.java:602)
	at org.testng.SuiteRunner.runTest(SuiteRunner.java:387)
	at org.testng.SuiteRunner.runSequentially(SuiteRunner.java:382)
	at org.testng.SuiteRunner.privateRun(SuiteRunner.java:340)
	at org.testng.SuiteRunner.run(SuiteRunner.java:289)
	at org.testng.SuiteRunnerWorker.runSuite(SuiteRunnerWorker.java:52)
	at org.testng.SuiteRunnerWorker.run(SuiteRunnerWorker.java:86)
	at org.testng.TestNG.runSuitesSequentially(TestNG.java:1293)
	at org.testng.TestNG.runSuitesLocally(TestNG.java:1218)
	at org.testng.TestNG.runSuites(TestNG.java:1133)
	at org.testng.TestNG.run(TestNG.java:1104)
	at org.testng.remote.AbstractRemoteTestNG.run(AbstractRemoteTestNG.java:114)
	at org.testng.remote.RemoteTestNG.initAndRun(RemoteTestNG.java:251)
	at org.testng.remote.RemoteTestNG.main(RemoteTestNG.java:77)
Caused by: java.net.SocketException: Connection reset
	at java.net.SocketInputStream.read(SocketInputStream.java:210)
	at java.net.SocketInputStream.read(SocketInputStream.java:141)
	at org.apache.http.impl.io.SessionInputBufferImpl.streamRead(SessionInputBufferImpl.java:137)
	at org.apache.http.impl.io.SessionInputBufferImpl.fillBuffer(SessionInputBufferImpl.java:153)
	at org.apache.http.impl.io.SessionInputBufferImpl.readLine(SessionInputBufferImpl.java:282)
	at org.apache.http.impl.conn.DefaultHttpResponseParser.parseHead(DefaultHttpResponseParser.java:138)
	at org.apache.http.impl.conn.DefaultHttpResponseParser.parseHead(DefaultHttpResponseParser.java:56)
	at org.apache.http.impl.io.AbstractMessageParser.parse(AbstractMessageParser.java:259)
	at org.apache.http.impl.DefaultBHttpClientConnection.receiveResponseHeader(DefaultBHttpClientConnection.java:163)
	at org.apache.http.impl.conn.CPoolProxy.receiveResponseHeader(CPoolProxy.java:165)
	at org.apache.http.protocol.HttpRequestExecutor.doReceiveResponse(HttpRequestExecutor.java:273)
	at org.apache.http.protocol.HttpRequestExecutor.execute(HttpRequestExecutor.java:125)
	at org.apache.http.impl.execchain.MainClientExec.execute(MainClientExec.java:272)
	at org.apache.http.impl.execchain.ProtocolExec.execute(ProtocolExec.java:185)
	at org.apache.http.impl.execchain.RetryExec.execute(RetryExec.java:89)
	at org.apache.http.impl.execchain.RedirectExec.execute(RedirectExec.java:111)
	at org.apache.http.impl.client.InternalHttpClient.doExecute(InternalHttpClient.java:185)
	at org.apache.http.impl.client.CloseableHttpClient.execute(CloseableHttpClient.java:72)
	at org.apache.http.impl.client.CloseableHttpClient.execute(CloseableHttpClient.java:56)
	at org.openqa.selenium.remote.internal.ApacheHttpClient.fallBackExecute(ApacheHttpClient.java:138)
	at org.openqa.selenium.remote.internal.ApacheHttpClient.execute(ApacheHttpClient.java:86)
	at org.openqa.selenium.remote.ProtocolHandshake.createSession(ProtocolHandshake.java:337)
	at org.openqa.selenium.remote.ProtocolHandshake.createSession(ProtocolHandshake.java:136)
	at org.openqa.selenium.remote.HttpCommandExecutor.execute(HttpCommandExecutor.java:142)
	at org.openqa.selenium.remote.RemoteWebDriver.execute(RemoteWebDriver.java:586)
	... 27 more
]]>
    </error>
  </testcase> <!-- testBefore -->
  <testcase name="testContent" time="0.001" classname="org.testJenkins.TestSpringmvc">
    <skipped/>
  </testcase> <!-- testContent -->
</testsuite> <!-- org.testJenkins.TestSpringmvc -->
