<?xml version="1.0" encoding="UTF-8"?>
<!-- Generated by org.testng.reporters.JUnitReportReporter -->
<testsuite name="org.testJenkins.Webdriverdemo1" tests="1" time="0.001" ignored="0" failures="0" timestamp="09 3 2018 07:26:31 GMT" skipped="1" hostname="douhao-PC" errors="0">
  <testcase name="calculatepercent" time="0.001" classname="org.testJenkins.Webdriverdemo1">
    <skipped/>
  </testcase> <!-- calculatepercent -->
</testsuite> <!-- org.testJenkins.Webdriverdemo1 -->
