<?xml version="1.0" encoding="UTF-8"?>
<!-- Generated by org.testng.reporters.JUnitReportReporter -->
<testsuite name="org.testJenkins.TestGrid" tests="1" time="0.171" ignored="0" failures="0" timestamp="08 3 2018 02:00:08 GMT" skipped="0" hostname="douhao-PC" errors="0">
  <testcase name="calculatepercent" time="0.171" classname="org.testJenkins.TestGrid"/>
</testsuite> <!-- org.testJenkins.TestGrid -->
