<?xml version="1.0" encoding="UTF-8"?>
<!-- Generated by org.testng.reporters.JUnitReportReporter -->
<testsuite name="org.testJenkins.TestSpringmvc" tests="1" time="7.439" ignored="0" failures="0" timestamp="12 3 2018 05:51:16 GMT" skipped="0" hostname="douhao-PC" errors="0">
  <testcase name="testContent" time="7.439" classname="org.testJenkins.TestSpringmvc"/>
</testsuite> <!-- org.testJenkins.TestSpringmvc -->
